<?xml version="1.0" encoding="utf-8"?><testsuites name="pytest tests"><testsuite name="pytest" errors="0" failures="0" skipped="0" tests="23" time="5.309" timestamp="2026-07-20T18:59:20.354158+00:00" hostname="agent-env-4c5ed776-3f5e-44c3-ae90-8fa0f3837020"><testcase classname="tests.test_mare_alta_backend.TestFishing" name="test_fishing_marine_default_7d" time="0.888" /><testcase classname="tests.test_mare_alta_backend.TestWeatherDateRange" name="test_weather_with_range_14_days" time="1.001" /><testcase classname="tests.test_mare_alta_backend.TestFishing" name="test_fishing_river_no_marine" time="0.568" /><testcase classname="tests.test_mare_alta_backend.TestWeatherDateRange" name="test_weather_only_start_date_ignored" time="0.604" /><testcase classname="tests.test_mare_alta_backend.TestFishing" name="test_fishing_with_14_day_range" time="0.603" /><testcase classname="tests.test_mare_alta_backend.TestWeatherDateRange" name="test_weather_start_after_end_swapped" time="0.610" /><testcase classname="tests.test_mare_alta_backend.TestFishing" name="test_fishing_best_times_balneario_mostardense_marine" time="0.589" /><testcase classname="tests.test_mare_alta_backend.TestWeatherDateRange" name="test_weather_far_future_end_clamped" time="0.625" /><testcase classname="tests.test_mare_alta_backend.TestFishing" name="test_fishing_best_times_river_manaus" time="0.554" /><testcase classname="tests.test_mare_alta_backend.TestWeatherDateRange" name="test_weather_invalid_date_400" time="0.089" /><testcase classname="tests.test_mare_alta_backend.TestPresets" name="test_presets_returns_16" time="0.060" /><testcase classname="tests.test_mare_alta_backend.TestPresets" name="test_presets_include_expected_regions" time="0.061" /><testcase classname="tests.test_mare_alta_backend.TestPresets" name="test_presets_include_sc_and_rs_spots" time="0.066" /><testcase classname="tests.test_mare_alta_backend.TestGeocode" name="test_geocode_santos" time="0.645" /><testcase classname="tests.test_mare_alta_backend.TestFavorites" name="test_cleanup_before" time="0.053" /><testcase classname="tests.test_mare_alta_backend.TestFavorites" name="test_add_favorite" time="0.048" /><testcase classname="tests.test_mare_alta_backend.TestFavorites" name="test_list_contains_favorite" time="0.048" /><testcase classname="tests.test_mare_alta_backend.TestFavorites" name="test_delete_favorite" time="0.099" /><testcase classname="tests.test_mare_alta_backend.TestHealth" name="test_root" time="0.047" /><testcase classname="tests.test_mare_alta_backend.TestWeatherMarine" name="test_weather_santos_marine" time="0.615" /><testcase classname="tests.test_mare_alta_backend.TestGeocode" name="test_geocode_manaus" time="0.611" /><testcase classname="tests.test_mare_alta_backend.TestWeatherRiver" name="test_weather_manaus_no_marine" time="0.551" /><testcase classname="tests.test_mare_alta_backend.TestGeocode" name="test_geocode_min_length_validation" time="0.064" /></testsuite></testsuites>