<?xml version="1.0" encoding="utf-8"?><testsuites name="pytest tests"><testsuite name="pytest" errors="0" failures="0" skipped="0" tests="20" time="4.654" timestamp="2026-07-20T18:29:22.050321+00:00" hostname="agent-env-4c5ed776-3f5e-44c3-ae90-8fa0f3837020"><testcase classname="tests.test_mare_alta_backend.TestFavorites" name="test_cleanup_before" time="0.214" /><testcase classname="tests.test_mare_alta_backend.TestWeatherDateRange" name="test_weather_with_range_14_days" time="0.838" /><testcase classname="tests.test_mare_alta_backend.TestFavorites" name="test_add_favorite" time="0.055" /><testcase classname="tests.test_mare_alta_backend.TestFavorites" name="test_list_contains_favorite" time="0.047" /><testcase classname="tests.test_mare_alta_backend.TestFavorites" name="test_delete_favorite" time="0.098" /><testcase classname="tests.test_mare_alta_backend.TestGeocode" name="test_geocode_santos" time="0.670" /><testcase classname="tests.test_mare_alta_backend.TestWeatherDateRange" name="test_weather_only_start_date_ignored" time="0.609" /><testcase classname="tests.test_mare_alta_backend.TestGeocode" name="test_geocode_manaus" time="0.580" /><testcase classname="tests.test_mare_alta_backend.TestWeatherDateRange" name="test_weather_start_after_end_swapped" time="0.655" /><testcase classname="tests.test_mare_alta_backend.TestGeocode" name="test_geocode_min_length_validation" time="0.048" /><testcase classname="tests.test_mare_alta_backend.TestFishing" name="test_fishing_marine_default_7d" time="0.605" /><testcase classname="tests.test_mare_alta_backend.TestWeatherDateRange" name="test_weather_far_future_end_clamped" time="0.625" /><testcase classname="tests.test_mare_alta_backend.TestFishing" name="test_fishing_river_no_marine" time="0.540" /><testcase classname="tests.test_mare_alta_backend.TestWeatherDateRange" name="test_weather_invalid_date_400" time="0.076" /><testcase classname="tests.test_mare_alta_backend.TestPresets" name="test_presets_returns_12" time="0.101" /><testcase classname="tests.test_mare_alta_backend.TestFishing" name="test_fishing_with_14_day_range" time="0.597" /><testcase classname="tests.test_mare_alta_backend.TestPresets" name="test_presets_include_expected_regions" time="0.065" /><testcase classname="tests.test_mare_alta_backend.TestWeatherMarine" name="test_weather_santos_marine" time="0.630" /><testcase classname="tests.test_mare_alta_backend.TestHealth" name="test_root" time="0.045" /><testcase classname="tests.test_mare_alta_backend.TestWeatherRiver" name="test_weather_manaus_no_marine" time="0.537" /></testsuite></testsuites>